This is pdfTeX, Version 3.14159265-2.6-1.40.17 (TeX Live 2016) (preloaded format=pdflatex 2016.5.22)  9 APR 2018 00:41
entering extended mode
 restricted \write18 enabled.
 file:line:error style messages enabled.
 %&-line parsing enabled.
**sbuthesis.cls
(./sbuthesis.cls
LaTeX2e <2016/03/31>
Babel <3.9r> and hyphenation patterns for 83 language(s) loaded.

LaTeX Warning: You have requested package `',
               but the package provides `sbuthesis'.

Package: sbuthesis 04/08/2018 Stony Brook University Thesis Class

./sbuthesis.cls:14: LaTeX Error: Command \@ already defined.
               Or name \end... illegal, see p.192 of the manual.

See the LaTeX manual or LaTeX Companion for explanation.
Type  H <return>  for immediate help.
 ...                                              
                                                  
l.14 \newcommand\@m
                   asters{}
? 
./sbuthesis.cls:14: Emergency stop.
 ...                                              
                                                  
l.14 \newcommand\@m
                   asters{}
Your command was ignored.
Type  I <command> <return>  to replace it with another command,
or  <return>  to continue without it.

 
Here is how much of TeX's memory you used:
 8 strings out of 493014
 344 string characters out of 6133351
 53601 words of memory out of 5000000
 3649 multiletter control sequences out of 15000+600000
 3640 words of font info for 14 fonts, out of 8000000 for 9000
 1141 hyphenation exceptions out of 8191
 7i,0n,4p,95b,14s stack positions out of 5000i,500n,10000p,200000b,80000s
./sbuthesis.cls:14:  ==> Fatal error occurred, no output PDF file produced!
